[    18.029] (--) Log file renamed from "/home/yarin/.local/share/xorg/Xorg.pid-951.log" to "/home/yarin/.local/share/xorg/Xorg.0.log"
[    18.064] 
X.Org X Server 1.20.5
X Protocol Version 11, Revision 0
[    18.064] Build Operating System: Linux 4.4.0-170-generic x86_64 Ubuntu
[    18.064] Current Operating System: Linux yarin-VirtualBox 5.3.0-46-generic #38~18.04.1-Ubuntu SMP Tue Mar 31 04:17:56 UTC 2020 x86_64
[    18.064] Kernel command line: BOOT_IMAGE=/boot/vmlinuz-5.3.0-46-generic root=UUID=b4a7e617-e9b3-47d6-bab4-eef50a2dfde4 ro quiet splash
[    18.064] Build Date: 18 December 2019  08:15:29AM
[    18.064] xorg-server-hwe-18.04 2:1.20.5+git20191008-0ubuntu1~18.04.1 (For technical support please see http://www.ubuntu.com/support) 
[    18.064] Current version of pixman: 0.34.0
[    18.064] 	Before reporting problems, check http://wiki.x.org
	to make sure that you have the latest version.
[    18.064] Markers: (--) probed, (**) from config file, (==) default setting,
	(++) from command line, (!!) notice, (II) informational,
	(WW) warning, (EE) error, (NI) not implemented, (??) unknown.
[    18.064] (==) Log file: "/home/yarin/.local/share/xorg/Xorg.0.log", Time: Fri Apr 24 09:11:59 2020
[    18.158] (==) Using system config directory "/usr/share/X11/xorg.conf.d"
[    18.167] (==) No Layout section.  Using the first Screen section.
[    18.167] (==) No screen section available. Using defaults.
[    18.167] (**) |-->Screen "Default Screen Section" (0)
[    18.167] (**) |   |-->Monitor "<default monitor>"
[    18.174] (==) No monitor specified for screen "Default Screen Section".
	Using a default monitor configuration.
[    18.174] (==) Automatically adding devices
[    18.175] (==) Automatically enabling devices
[    18.175] (==) Automatically adding GPU devices
[    18.176] (==) Automatically binding GPU devices
[    18.178] (==) Max clients allowed: 256, resource mask: 0x1fffff
[    18.193] (WW) The directory "/usr/share/fonts/X11/cyrillic" does not exist.
[    18.193] 	Entry deleted from font path.
[    18.193] (WW) The directory "/usr/share/fonts/X11/100dpi/" does not exist.
[    18.194] 	Entry deleted from font path.
[    18.194] (WW) The directory "/usr/share/fonts/X11/75dpi/" does not exist.
[    18.195] 	Entry deleted from font path.
[    18.209] (WW) The directory "/usr/share/fonts/X11/100dpi" does not exist.
[    18.209] 	Entry deleted from font path.
[    18.209] (WW) The directory "/usr/share/fonts/X11/75dpi" does not exist.
[    18.209] 	Entry deleted from font path.
[    18.209] (==) FontPath set to:
	/usr/share/fonts/X11/misc,
	/usr/share/fonts/X11/Type1,
	built-ins
[    18.209] (==) ModulePath set to "/usr/lib/xorg/modules"
[    18.209] (II) The server relies on udev to provide the list of input devices.
	If no devices become available, reconfigure udev or disable AutoAddDevices.
[    18.209] (II) Loader magic: 0x55bce8b70020
[    18.209] (II) Module ABI versions:
[    18.209] 	X.Org ANSI C Emulation: 0.4
[    18.209] 	X.Org Video Driver: 24.0
[    18.209] 	X.Org XInput driver : 24.1
[    18.209] 	X.Org Server Extension : 10.0
[    18.211] (++) using VT number 1

[    18.216] (II) systemd-logind: took control of session /org/freedesktop/login1/session/_31
[    18.218] (II) xfree86: Adding drm device (/dev/dri/card0)
[    18.223] (II) systemd-logind: got fd for /dev/dri/card0 226:0 fd 12 paused 0
[    18.232] (--) PCI:*(0@0:2:0) 15ad:0405:15ad:0405 rev 0, Mem @ 0xf0000000/33554432, 0xf2000000/2097152, I/O @ 0x0000d010/16, BIOS @ 0x????????/131072
[    18.232] (II) LoadModule: "glx"
[    18.271] (II) Loading /usr/lib/xorg/modules/extensions/libglx.so
[    18.334] (II) Module glx: vendor="X.Org Foundation"
[    18.334] 	compiled for 1.20.5, module version = 1.0.0
[    18.334] 	ABI class: X.Org Server Extension, version 10.0
[    18.334] (==) Matched vmware as autoconfigured driver 0
[    18.334] (==) Matched modesetting as autoconfigured driver 1
[    18.334] (==) Matched fbdev as autoconfigured driver 2
[    18.334] (==) Matched vesa as autoconfigured driver 3
[    18.334] (==) Assigned the driver to the xf86ConfigLayout
[    18.334] (II) LoadModule: "vmware"
[    18.334] (II) Loading /usr/lib/xorg/modules/drivers/vmware_drv.so
[    19.057] (II) Module vmware: vendor="X.Org Foundation"
[    19.057] 	compiled for 1.20.1, module version = 13.3.0
[    19.057] 	Module class: X.Org Video Driver
[    19.057] 	ABI class: X.Org Video Driver, version 24.0
[    19.057] (II) LoadModule: "modesetting"
[    19.057] (II) Loading /usr/lib/xorg/modules/drivers/modesetting_drv.so
[    19.062] (II) Module modesetting: vendor="X.Org Foundation"
[    19.063] 	compiled for 1.20.5, module version = 1.20.5
[    19.063] 	Module class: X.Org Video Driver
[    19.063] 	ABI class: X.Org Video Driver, version 24.0
[    19.063] (II) LoadModule: "fbdev"
[    19.063] (II) Loading /usr/lib/xorg/modules/drivers/fbdev_drv.so
[    19.070] (II) Module fbdev: vendor="X.Org Foundation"
[    19.070] 	compiled for 1.20.1, module version = 0.5.0
[    19.070] 	Module class: X.Org Video Driver
[    19.070] 	ABI class: X.Org Video Driver, version 24.0
[    19.070] (II) LoadModule: "vesa"
[    19.070] (II) Loading /usr/lib/xorg/modules/drivers/vesa_drv.so
[    19.079] (II) Module vesa: vendor="X.Org Foundation"
[    19.079] 	compiled for 1.20.1, module version = 2.4.0
[    19.079] 	Module class: X.Org Video Driver
[    19.079] 	ABI class: X.Org Video Driver, version 24.0
[    19.079] (II) vmware: driver for VMware SVGA: vmware0405, vmware0710
[    19.079] (II) modesetting: Driver for Modesetting Kernel Drivers: kms
[    19.079] (II) FBDEV: driver for framebuffer: fbdev
[    19.079] (II) VESA: driver for VESA chipsets: vesa
[    19.079] xf86EnableIOPorts: failed to set IOPL for I/O (Operation not permitted)
[    19.079] (WW) Falling back to old probe method for modesetting
[    19.079] (WW) Falling back to old probe method for fbdev
[    19.079] (II) Loading sub module "fbdevhw"
[    19.079] (II) LoadModule: "fbdevhw"
[    19.079] (II) Loading /usr/lib/xorg/modules/libfbdevhw.so
[    19.093] (II) Module fbdevhw: vendor="X.Org Foundation"
[    19.093] 	compiled for 1.20.5, module version = 0.0.2
[    19.093] 	ABI class: X.Org Video Driver, version 24.0
[    19.093] (EE) open /dev/fb0: Permission denied
[    19.093] (WW) VGA arbiter: cannot open kernel arbiter, no multi-card support
[    19.093] (II) vmware(0): Creating default Display subsection in Screen section
	"Default Screen Section" for depth/fbbpp 24/32
[    19.093] (--) vmware(0): DRM driver version is 2.15.0
[    19.093] (==) vmware(0): Depth 24, (--) framebuffer bpp 32
[    19.093] (==) vmware(0): RGB weight 888
[    19.093] (==) vmware(0): Default visual is TrueColor
[    19.093] (--) vmware(0): Min width 1, Max Width 8192.
[    19.093] (--) vmware(0): Min height 1, Max Height 8192.
[    19.093] (II) vmware(0): Output Virtual1 has no monitor section
[    19.093] (II) vmware(0): Output Virtual2 has no monitor section
[    19.093] (II) vmware(0): Output Virtual3 has no monitor section
[    19.093] (II) vmware(0): Output Virtual4 has no monitor section
[    19.093] (II) vmware(0): Output Virtual5 has no monitor section
[    19.093] (II) vmware(0): Output Virtual6 has no monitor section
[    19.093] (II) vmware(0): Output Virtual7 has no monitor section
[    19.093] (II) vmware(0): Output Virtual8 has no monitor section
[    19.093] (II) vmware(0): Printing probed modes for output Virtual1
[    19.093] (II) vmware(0): Modeline "800x600"x60.0   42.75  800 850 900 950  600 650 700 750 -hsync +vsync (45.0 kHz eP)
[    19.093] (II) vmware(0): Modeline "2560x1600"x60.0  348.50  2560 2752 3032 3504  1600 1603 1609 1658 -hsync +vsync (99.5 kHz e)
[    19.093] (II) vmware(0): Modeline "1920x1440"x60.0  234.00  1920 2048 2256 2600  1440 1441 1444 1500 -hsync +vsync (90.0 kHz e)
[    19.093] (II) vmware(0): Modeline "1856x1392"x60.0  218.25  1856 1952 2176 2528  1392 1393 1396 1439 -hsync +vsync (86.3 kHz e)
[    19.093] (II) vmware(0): Modeline "1792x1344"x60.0  204.75  1792 1920 2120 2448  1344 1345 1348 1394 -hsync +vsync (83.6 kHz e)
[    19.093] (II) vmware(0): Modeline "1920x1200"x59.9  193.25  1920 2056 2256 2592  1200 1203 1209 1245 -hsync +vsync (74.6 kHz e)
[    19.093] (II) vmware(0): Modeline "1600x1200"x60.0  162.00  1600 1664 1856 2160  1200 1201 1204 1250 +hsync +vsync (75.0 kHz e)
[    19.093] (II) vmware(0): Modeline "1680x1050"x60.0  146.25  1680 1784 1960 2240  1050 1053 1059 1089 -hsync +vsync (65.3 kHz e)
[    19.093] (II) vmware(0): Modeline "1400x1050"x60.0  121.75  1400 1488 1632 1864  1050 1053 1057 1089 -hsync +vsync (65.3 kHz e)
[    19.093] (II) vmware(0): Modeline "1280x1024"x60.0  108.00  1280 1328 1440 1688  1024 1025 1028 1066 +hsync +vsync (64.0 kHz e)
[    19.093] (II) vmware(0): Modeline "1440x900"x59.9  106.50  1440 1520 1672 1904  900 903 909 934 -hsync +vsync (55.9 kHz e)
[    19.093] (II) vmware(0): Modeline "1280x960"x60.0  108.00  1280 1376 1488 1800  960 961 964 1000 +hsync +vsync (60.0 kHz e)
[    19.093] (II) vmware(0): Modeline "1360x768"x60.0   85.50  1360 1424 1536 1792  768 771 777 795 +hsync +vsync (47.7 kHz e)
[    19.093] (II) vmware(0): Modeline "1280x800"x59.8   83.50  1280 1352 1480 1680  800 803 809 831 +hsync -vsync (49.7 kHz e)
[    19.093] (II) vmware(0): Modeline "1152x864"x75.0  108.00  1152 1216 1344 1600  864 865 868 900 +hsync +vsync (67.5 kHz e)
[    19.093] (II) vmware(0): Modeline "1280x768"x59.9   79.50  1280 1344 1472 1664  768 771 778 798 -hsync +vsync (47.8 kHz e)
[    19.093] (II) vmware(0): Modeline "1024x768"x60.0   65.00  1024 1048 1184 1344  768 771 777 806 -hsync -vsync (48.4 kHz e)
[    19.093] (II) vmware(0): Modeline "800x600"x60.3   40.00  800 840 968 1056  600 601 605 628 +hsync +vsync (37.9 kHz e)
[    19.093] (II) vmware(0): Modeline "640x480"x59.9   25.18  640 656 752 800  480 489 492 525 -hsync -vsync (31.5 kHz e)
[    19.093] (II) vmware(0): EDID for output Virtual2
[    19.093] (II) vmware(0): EDID for output Virtual3
[    19.093] (II) vmware(0): EDID for output Virtual4
[    19.093] (II) vmware(0): EDID for output Virtual5
[    19.093] (II) vmware(0): EDID for output Virtual6
[    19.093] (II) vmware(0): EDID for output Virtual7
[    19.093] (II) vmware(0): EDID for output Virtual8
[    19.093] (II) vmware(0): Output Virtual1 connected
[    19.093] (II) vmware(0): Output Virtual2 disconnected
[    19.093] (II) vmware(0): Output Virtual3 disconnected
[    19.093] (II) vmware(0): Output Virtual4 disconnected
[    19.093] (II) vmware(0): Output Virtual5 disconnected
[    19.093] (II) vmware(0): Output Virtual6 disconnected
[    19.093] (II) vmware(0): Output Virtual7 disconnected
[    19.093] (II) vmware(0): Output Virtual8 disconnected
[    19.094] (II) vmware(0): Using exact sizes for initial modes
[    19.094] (II) vmware(0): Output Virtual1 using initial mode 800x600 +0+0
[    19.094] (==) vmware(0): DPI set to (96, 96)
[    19.094] (==) vmware(0): Using gamma correction (1.0, 1.0, 1.0)
[    19.094] (II) Loading sub module "fb"
[    19.094] (II) LoadModule: "fb"
[    19.094] (II) Loading /usr/lib/xorg/modules/libfb.so
[    19.097] (II) Module fb: vendor="X.Org Foundation"
[    19.097] 	compiled for 1.20.5, module version = 1.0.0
[    19.098] 	ABI class: X.Org ANSI C Emulation, version 0.4
[    19.098] (II) Loading sub module "dri2"
[    19.098] (II) LoadModule: "dri2"
[    19.098] (II) Module "dri2" already built-in
[    19.098] (II) Loading sub module "dri3"
[    19.098] (II) LoadModule: "dri3"
[    19.098] (II) Module "dri3" already built-in
[    19.098] (II) UnloadModule: "modesetting"
[    19.098] (II) Unloading modesetting
[    19.098] (II) UnloadModule: "fbdev"
[    19.098] (II) Unloading fbdev
[    19.098] (II) UnloadSubModule: "fbdevhw"
[    19.098] (II) Unloading fbdevhw
[    19.098] (II) UnloadModule: "vesa"
[    19.098] (II) Unloading vesa
[    19.102] (II) vmware(0): Initialized VMWARE_CTRL extension version 0.2
[    19.226] (II) vmware(0): Gallium3D XA version: 2.5.0.
[    19.226] (II) vmware(0): Path of drm device is "/dev/dri/card0".
[    19.226] (II) vmware(0): [DRI2] Setup complete
[    19.227] (II) vmware(0): [DRI2]   DRI driver: vmwgfx
[    19.333] (--) vmware(0): Render acceleration is enabled.
[    19.333] (==) vmware(0): Rendercheck mode is disabled.
[    19.333] (--) vmware(0): Direct rendering (DRI2 3D) is enabled.
[    19.333] (--) vmware(0): Direct rendering (DRI3 3D) is enabled.
[    19.333] (==) vmware(0): Direct presents are disabled.
[    19.333] (==) vmware(0): Hardware only presents are disabled.
[    19.334] (==) vmware(0): Backing store enabled
[    19.334] (==) vmware(0): Silken mouse enabled
[    19.343] (==) vmware(0): DPMS enabled
[    19.343] (II) Initializing extension Generic Event Extension
[    19.343] (II) Initializing extension SHAPE
[    19.343] (II) Initializing extension MIT-SHM
[    19.344] (II) Initializing extension XInputExtension
[    19.344] (II) Initializing extension XTEST
[    19.344] (II) Initializing extension BIG-REQUESTS
[    19.345] (II) Initializing extension SYNC
[    19.345] (II) Initializing extension XKEYBOARD
[    19.345] (II) Initializing extension XC-MISC
[    19.346] (II) Initializing extension SECURITY
[    19.347] (II) Initializing extension XFIXES
[    19.347] (II) Initializing extension RENDER
[    19.347] (II) Initializing extension RANDR
[    19.347] (II) Initializing extension COMPOSITE
[    19.347] (II) Initializing extension DAMAGE
[    19.348] (II) Initializing extension MIT-SCREEN-SAVER
[    19.348] (II) Initializing extension DOUBLE-BUFFER
[    19.348] (II) Initializing extension RECORD
[    19.348] (II) Initializing extension DPMS
[    19.348] (II) Initializing extension Present
[    19.348] (II) Initializing extension DRI3
[    19.348] (II) Initializing extension X-Resource
[    19.350] (II) Initializing extension XVideo
[    19.351] (II) Initializing extension XVideo-MotionCompensation
[    19.351] (II) Initializing extension SELinux
[    19.351] (II) SELinux: Disabled on system
[    19.351] (II) Initializing extension GLX
[    19.572] (II) AIGLX: Loaded and initialized vmwgfx
[    19.572] (II) GLX: Initialized DRI2 GL provider for screen 0
[    19.573] (II) Initializing extension XFree86-VidModeExtension
[    19.573] (II) Initializing extension XFree86-DGA
[    19.574] (II) Initializing extension XFree86-DRI
[    19.574] (II) Initializing extension DRI2
[    19.580] (II) vmware(0): Setting screen physical size to 211 x 158
[    19.772] (II) config/udev: Adding input device Power Button (/dev/input/event0)
[    19.773] (**) Power Button: Applying InputClass "libinput keyboard catchall"
[    19.773] (II) LoadModule: "libinput"
[    19.777] (II) Loading /usr/lib/xorg/modules/input/libinput_drv.so
[    19.798] (II) Module libinput: vendor="X.Org Foundation"
[    19.798] 	compiled for 1.20.1, module version = 0.28.1
[    19.798] 	Module class: X.Org XInput Driver
[    19.798] 	ABI class: X.Org XInput driver, version 24.1
[    19.799] (II) Using input driver 'libinput' for 'Power Button'
[    19.800] (II) systemd-logind: got fd for /dev/input/event0 13:64 fd 24 paused 0
[    19.801] (**) Power Button: always reports core events
[    19.801] (**) Option "Device" "/dev/input/event0"
[    19.801] (**) Option "_source" "server/udev"
[    19.801] (II) event0  - Power Button: is tagged by udev as: Keyboard
[    19.801] (II) event0  - Power Button: device is a keyboard
[    19.801] (II) event0  - Power Button: device removed
[    19.801] (**) Option "config_info" "udev:/sys/devices/LNXSYSTM:00/LNXPWRBN:00/input/input0/event0"
[    19.801] (II) XINPUT: Adding extended input device "Power Button" (type: KEYBOARD, id 6)
[    19.801] (**) Option "xkb_model" "pc105"
[    19.801] (**) Option "xkb_layout" "us"
[    19.802] (II) event0  - Power Button: is tagged by udev as: Keyboard
[    19.802] (II) event0  - Power Button: device is a keyboard
[    19.802] (II) config/udev: Adding input device Sleep Button (/dev/input/event1)
[    19.802] (**) Sleep Button: Applying InputClass "libinput keyboard catchall"
[    19.802] (II) Using input driver 'libinput' for 'Sleep Button'
[    19.803] (II) systemd-logind: got fd for /dev/input/event1 13:65 fd 27 paused 0
[    19.803] (**) Sleep Button: always reports core events
[    19.803] (**) Option "Device" "/dev/input/event1"
[    19.803] (**) Option "_source" "server/udev"
[    19.804] (II) event1  - Sleep Button: is tagged by udev as: Keyboard
[    19.804] (II) event1  - Sleep Button: device is a keyboard
[    19.804] (II) event1  - Sleep Button: device removed
[    19.804] (**) Option "config_info" "udev:/sys/devices/LNXSYSTM:00/LNXSLPBN:00/input/input1/event1"
[    19.804] (II) XINPUT: Adding extended input device "Sleep Button" (type: KEYBOARD, id 7)
[    19.804] (**) Option "xkb_model" "pc105"
[    19.804] (**) Option "xkb_layout" "us"
[    19.805] (II) event1  - Sleep Button: is tagged by udev as: Keyboard
[    19.805] (II) event1  - Sleep Button: device is a keyboard
[    19.805] (II) config/udev: Adding input device Video Bus (/dev/input/event3)
[    19.805] (**) Video Bus: Applying InputClass "libinput keyboard catchall"
[    19.806] (II) Using input driver 'libinput' for 'Video Bus'
[    19.807] (II) systemd-logind: got fd for /dev/input/event3 13:67 fd 28 paused 0
[    19.807] (**) Video Bus: always reports core events
[    19.807] (**) Option "Device" "/dev/input/event3"
[    19.807] (**) Option "_source" "server/udev"
[    19.808] (II) event3  - Video Bus: is tagged by udev as: Keyboard
[    19.808] (II) event3  - Video Bus: device is a keyboard
[    19.808] (II) event3  - Video Bus: device removed
[    19.808] (**) Option "config_info" "udev:/sys/devices/LNXSYSTM:00/LNXSYBUS:00/PNP0A03:00/LNXVIDEO:00/input/input4/event3"
[    19.808] (II) XINPUT: Adding extended input device "Video Bus" (type: KEYBOARD, id 8)
[    19.808] (**) Option "xkb_model" "pc105"
[    19.808] (**) Option "xkb_layout" "us"
[    19.809] (II) event3  - Video Bus: is tagged by udev as: Keyboard
[    19.809] (II) event3  - Video Bus: device is a keyboard
[    19.810] (II) config/udev: Adding input device VirtualBox mouse integration (/dev/input/event6)
[    19.810] (**) VirtualBox mouse integration: Applying InputClass "libinput pointer catchall"
[    19.810] (II) Using input driver 'libinput' for 'VirtualBox mouse integration'
[    19.811] (II) systemd-logind: got fd for /dev/input/event6 13:70 fd 29 paused 0
[    19.811] (**) VirtualBox mouse integration: always reports core events
[    19.812] (**) Option "Device" "/dev/input/event6"
[    19.812] (**) Option "_source" "server/udev"
[    19.812] (II) event6  - VirtualBox mouse integration: is tagged by udev as: Mouse
[    19.812] (II) event6  - VirtualBox mouse integration: device is a pointer
[    19.812] (II) event6  - VirtualBox mouse integration: device removed
[    19.812] (**) Option "config_info" "udev:/sys/devices/pci0000:00/0000:00:04.0/input/input7/event6"
[    19.812] (II) XINPUT: Adding extended input device "VirtualBox mouse integration" (type: MOUSE, id 9)
[    19.813] (**) Option "AccelerationScheme" "none"
[    19.814] (**) VirtualBox mouse integration: (accel) selected scheme none/0
[    19.814] (**) VirtualBox mouse integration: (accel) acceleration factor: 2.000
[    19.814] (**) VirtualBox mouse integration: (accel) acceleration threshold: 4
[    19.814] (II) event6  - VirtualBox mouse integration: is tagged by udev as: Mouse
[    19.815] (II) event6  - VirtualBox mouse integration: device is a pointer
[    19.815] (II) config/udev: Adding input device VirtualBox mouse integration (/dev/input/js1)
[    19.815] (II) No input driver specified, ignoring this device.
[    19.815] (II) This device may have been added with another device file.
[    19.816] (II) config/udev: Adding input device VirtualBox USB Tablet (/dev/input/event5)
[    19.816] (**) VirtualBox USB Tablet: Applying InputClass "libinput pointer catchall"
[    19.816] (II) Using input driver 'libinput' for 'VirtualBox USB Tablet'
[    19.881] (II) systemd-logind: got fd for /dev/input/event5 13:69 fd 30 paused 0
[    19.881] (**) VirtualBox USB Tablet: always reports core events
[    19.881] (**) Option "Device" "/dev/input/event5"
[    19.882] (**) Option "_source" "server/udev"
[    19.884] (II) event5  - VirtualBox USB Tablet: is tagged by udev as: Mouse
[    19.884] (II) event5  - VirtualBox USB Tablet: device is a pointer
[    19.886] (II) event5  - VirtualBox USB Tablet: device removed
[    19.886] (**) Option "config_info" "udev:/sys/devices/pci0000:00/0000:00:06.0/usb1/1-1/1-1:1.0/0003:80EE:0021.0001/input/input6/event5"
[    19.887] (II) XINPUT: Adding extended input device "VirtualBox USB Tablet" (type: MOUSE, id 10)
[    19.887] (**) Option "AccelerationScheme" "none"
[    19.888] (**) VirtualBox USB Tablet: (accel) selected scheme none/0
[    19.888] (**) VirtualBox USB Tablet: (accel) acceleration factor: 2.000
[    19.888] (**) VirtualBox USB Tablet: (accel) acceleration threshold: 4
[    19.891] (II) event5  - VirtualBox USB Tablet: is tagged by udev as: Mouse
[    19.892] (II) event5  - VirtualBox USB Tablet: device is a pointer
[    19.895] (II) config/udev: Adding input device VirtualBox USB Tablet (/dev/input/js0)
[    19.895] (II) No input driver specified, ignoring this device.
[    19.895] (II) This device may have been added with another device file.
[    19.897] (II) config/udev: Adding input device VirtualBox USB Tablet (/dev/input/mouse1)
[    19.898] (II) No input driver specified, ignoring this device.
[    19.898] (II) This device may have been added with another device file.
[    19.901] (II) config/udev: Adding input device AT Translated Set 2 keyboard (/dev/input/event2)
[    19.901] (**) AT Translated Set 2 keyboard: Applying InputClass "libinput keyboard catchall"
[    19.902] (II) Using input driver 'libinput' for 'AT Translated Set 2 keyboard'
[    19.911] (II) systemd-logind: got fd for /dev/input/event2 13:66 fd 31 paused 0
[    19.911] (**) AT Translated Set 2 keyboard: always reports core events
[    19.911] (**) Option "Device" "/dev/input/event2"
[    19.911] (**) Option "_source" "server/udev"
[    19.912] (II) event2  - AT Translated Set 2 keyboard: is tagged by udev as: Keyboard
[    19.912] (II) event2  - AT Translated Set 2 keyboard: device is a keyboard
[    19.912] (II) event2  - AT Translated Set 2 keyboard: device removed
[    19.913] (**) Option "config_info" "udev:/sys/devices/platform/i8042/serio0/input/input2/event2"
[    19.913] (II) XINPUT: Adding extended input device "AT Translated Set 2 keyboard" (type: KEYBOARD, id 11)
[    19.913] (**) Option "xkb_model" "pc105"
[    19.913] (**) Option "xkb_layout" "us"
[    19.915] (II) event2  - AT Translated Set 2 keyboard: is tagged by udev as: Keyboard
[    19.915] (II) event2  - AT Translated Set 2 keyboard: device is a keyboard
[    19.916] (II) config/udev: Adding input device ImExPS/2 Generic Explorer Mouse (/dev/input/event4)
[    19.916] (**) ImExPS/2 Generic Explorer Mouse: Applying InputClass "libinput pointer catchall"
[    19.916] (II) Using input driver 'libinput' for 'ImExPS/2 Generic Explorer Mouse'
[    19.919] (II) systemd-logind: got fd for /dev/input/event4 13:68 fd 32 paused 0
[    19.919] (**) ImExPS/2 Generic Explorer Mouse: always reports core events
[    19.919] (**) Option "Device" "/dev/input/event4"
[    19.920] (**) Option "_source" "server/udev"
[    19.920] (II) event4  - ImExPS/2 Generic Explorer Mouse: is tagged by udev as: Mouse
[    19.920] (II) event4  - ImExPS/2 Generic Explorer Mouse: device is a pointer
[    19.921] (II) event4  - ImExPS/2 Generic Explorer Mouse: device removed
[    19.921] (**) Option "config_info" "udev:/sys/devices/platform/i8042/serio1/input/input5/event4"
[    19.921] (II) XINPUT: Adding extended input device "ImExPS/2 Generic Explorer Mouse" (type: MOUSE, id 12)
[    19.921] (**) Option "AccelerationScheme" "none"
[    19.924] (**) ImExPS/2 Generic Explorer Mouse: (accel) selected scheme none/0
[    19.925] (**) ImExPS/2 Generic Explorer Mouse: (accel) acceleration factor: 2.000
[    19.925] (**) ImExPS/2 Generic Explorer Mouse: (accel) acceleration threshold: 4
[    19.925] (II) event4  - ImExPS/2 Generic Explorer Mouse: is tagged by udev as: Mouse
[    19.926] (II) event4  - ImExPS/2 Generic Explorer Mouse: device is a pointer
[    19.926] (II) config/udev: Adding input device ImExPS/2 Generic Explorer Mouse (/dev/input/mouse0)
[    19.926] (II) No input driver specified, ignoring this device.
[    19.926] (II) This device may have been added with another device file.
[    24.450] (EE) No surface to present from.
